<?xml version="1.0" encoding="UTF-8"?>
<!-- Generated by org.testng.reporters.JUnitReportReporter -->
<testsuite hostname="Bumblebee" failures="0" tests="1" name="Exercise.MainTest" time="0.414" errors="0" timestamp="2023-08-29T00:36:42 IST" skipped="0">
  <testcase classname="Exercise.MainTest" name="fun" time="0.414"/>
</testsuite> <!-- Exercise.MainTest -->
